build/app/outputs/mapping/release/seeds.txt
com.example.expeness_app.MainActivity
com.example.expeness_app.MainActivity: MainActivity()
...
androidx.window.layout.SidecarWindowBackend: void getWindowLayoutChangeCallbacks$annotations()
kotlin.jvm.internal.CallableReference: boolean isOpen()
kotlinx.coroutines.internal.ThreadSafeHeap: kotlinx.coroutines.internal.ThreadSafeHeapNode firstImpl()
androidx.window.embedding.SplitRule: int getLayoutDirection()
androidx.window.layout.WindowMetricsCalculatorCompat: android.graphics.Point getRealSizeForDisplay$window_release(android.view.Display)
io.flutter.embedding.engine.systemchannels.PlatformChannel$ClipboardContentFormat: io.flutter.embedding.engine.systemchannels.PlatformChannel$ClipboardContentFormat valueOf(java.lang.String)
androidx.window.embedding.MatcherUtils: boolean areComponentsMatching$window_release(android.content.ComponentName,android.content.ComponentName)
io.flutter.embedding.engine.FlutterJNI: boolean nativeFlutterTextUtilsIsEmoji(int)
androidx.window.layout.WindowMetricsCalculatorCompat: android.graphics.Rect computeWindowBoundsIceCreamSandwich$window_release(android.app.Activity)
kotlin.coroutines.jvm.internal.BaseContinuationImpl: java.lang.String toString()
androidx.window.embedding.SplitPairFilter: android.content.ComponentName getSecondaryActivityName()
androidx.window.layout.WindowMetricsCalculator$-CC: androidx.window.layout.WindowMetricsCalculator getOrCreate()
io.flutter.embedding.engine.FlutterJNI: boolean isCodePointVariantSelector(int)
androidx.window.core.Version: androidx.window.core.Version access$getUNKNOWN$cp()
io.flutter.embedding.engine.renderer.SurfaceTextureWrapper: void getTransformMatrix(float[])
io.flutter.embedding.engine.FlutterJNI: void nativeUpdateRefreshRate(float)
io.flutter.embedding.engine.FlutterJNI: void nativeDispatchSemanticsAction(long,int,int,java.nio.ByteBuffer,int)
androidx.window.core.Version$bigInteger$2: java.math.BigInteger invoke()
androidx.window.layout.FoldingFeature: androidx.window.layout.FoldingFeature$OcclusionType getOcclusionType()
androidx.window.embedding.ExtensionEmbeddingBackend$Companion: androidx.window.embedding.EmbeddingInterfaceCompat initAndVerifyEmbeddingExtension()
androidx.window.layout.SidecarWindowBackend$Companion: SidecarWindowBackend$Companion()
io.flutter.view.AccessibilityBridge$Action: io.flutter.view.AccessibilityBridge$Action valueOf(java.lang.String)
androidx.window.embedding.EmptyEmbeddingComponent: EmptyEmbeddingComponent()
androidx.window.embedding.SplitController$Companion: void initialize(android.content.Context,int)
androidx.window.embedding.EmbeddingBackend: void registerSplitListenerForActivity(android.app.Activity,java.util.concurrent.Executor,androidx.core.util.Consumer)
io.flutter.embedding.engine.FlutterJNI: boolean getIsSoftwareRenderingEnabled()
io.flutter.plugin.platform.SingleViewPresentation: void onCreate(android.os.Bundle)
androidx.window.embedding.EmbeddingCompat$Companion: EmbeddingCompat$Companion(kotlin.jvm.internal.DefaultConstructorMarker)
io.flutter.embedding.android.FlutterImageView: android.media.ImageReader getImageReader()
androidx.window.java.layout.WindowInfoTrackerCallbackAdapter$addListener$1$1: WindowInfoTrackerCallbackAdapter$addListener$1$1(kotlinx.coroutines.flow.Flow,androidx.core.util.Consumer,kotlin.coroutines.Continuation)
androidx.window.embedding.ActivityRule: java.util.Set getFilters()
androidx.window.java.layout.WindowInfoTrackerCallbackAdapter: void removeListener(androidx.core.util.Consumer)
io.flutter.view.AccessibilityViewEmbedder: void cacheVirtualIdMappings(android.view.View,int,int)
androidx.window.layout.ExtensionInterfaceCompat: void setExtensionCallback(androidx.window.layout.ExtensionInterfaceCompat$ExtensionCallbackInterface)
io.flutter.embedding.android.FlutterView$ZeroSides: io.flutter.embedding.android.FlutterView$ZeroSides valueOf(java.lang.String)
androidx.window.layout.FoldingFeature$OcclusionType$Companion: FoldingFeature$OcclusionType$Companion(kotlin.jvm.internal.DefaultConstructorMarker)