build/app/outputs/mapping/release/mapping.txt
# compiler: R8
# compiler_version: 3.2.47
# min_api: 16
# common_typos_disable
# {"id":"com.android.tools.r8.mapping","version":"2.0"}
# pg_map_id: 4cf6234
# pg_map_hash: SHA-256 4cf623477749a4ed5ffd68e750b574ae9034bcad2947b52d9cf61235639436a7
...
kotlin.reflect.KVisibility -> m0.g:
    kotlin.reflect.KVisibility[] $VALUES -> h
    kotlin.reflect.KVisibility PUBLIC -> d
    kotlin.reflect.KVisibility PROTECTED -> e
    kotlin.reflect.KVisibility INTERNAL -> f
    kotlin.reflect.KVisibility PRIVATE -> g
    kotlin.reflect.KVisibility[] $values() -> a
kotlin.sequences.ConstrainedOnceSequence -> n0.a:
    java.util.concurrent.atomic.AtomicReference sequenceRef -> a
kotlin.sequences.Sequence -> n0.b:
kotlin.sequences.SequencesKt -> n0.c:
    kotlin.sequences.Sequence asSequence(java.util.Iterator) -> a
      # {"id":"com.android.tools.r8.synthesized"}
    kotlin.sequences.Sequence map(kotlin.sequences.Sequence,kotlin.jvm.functions.Function1) -> c
      # {"id":"com.android.tools.r8.synthesized"}
    java.util.List toList(kotlin.sequences.Sequence) -> e
      # {"id":"com.android.tools.r8.synthesized"}
kotlin.sequences.SequencesKt__SequenceBuilderKt -> n0.d:
kotlin.sequences.SequencesKt__SequencesJVMKt -> n0.e:
kotlin.sequences.SequencesKt__SequencesKt -> n0.f:
    kotlin.sequences.Sequence asSequence(java.util.Iterator) -> a
    kotlin.sequences.Sequence constrainOnce(kotlin.sequences.Sequence) -> b
kotlin.sequences.SequencesKt__SequencesKt$asSequence$$inlined$Sequence$1 -> n0.f$a:
    java.util.Iterator $this_asSequence$inlined -> a
kotlin.sequences.SequencesKt___SequencesJvmKt -> n0.g:
kotlin.sequences.SequencesKt___SequencesKt -> n0.h:
    kotlin.sequences.Sequence map(kotlin.sequences.Sequence,kotlin.jvm.functions.Function1) -> c
    java.util.Collection toCollection(kotlin.sequences.Sequence,java.util.Collection) -> d
    java.util.List toList(kotlin.sequences.Sequence) -> e
    java.util.List toMutableList(kotlin.sequences.Sequence) -> f
kotlin.sequences.TransformingSequence -> n0.i:
    kotlin.sequences.Sequence sequence -> a
    kotlin.jvm.functions.Function1 transformer -> b
    kotlin.sequences.Sequence access$getSequence$p(kotlin.sequences.TransformingSequence) -> a
    kotlin.jvm.functions.Function1 access$getTransformer$p(kotlin.sequences.TransformingSequence) -> b
kotlin.sequences.TransformingSequence$iterator$1 -> n0.i$a:
    java.util.Iterator iterator -> d
    kotlin.sequences.TransformingSequence this$0 -> e
kotlin.text.CharsKt__CharJVMKt -> o0.a:
    int checkRadix(int) -> a
    int digitOf(char,int) -> b
    boolean isWhitespace(char) -> c
kotlin.text.CharsKt__CharKt -> o0.b:
    boolean equals(char,char,boolean) -> d
kotlin.text.DelimitedRangesSequence -> o0.c:
    java.lang.CharSequence input -> a
    int startIndex -> b
    int limit -> c
    kotlin.jvm.functions.Function2 getNextMatch -> d
    kotlin.jvm.functions.Function2 access$getGetNextMatch$p(kotlin.text.DelimitedRangesSequence) -> a
    java.lang.CharSequence access$getInput$p(kotlin.text.DelimitedRangesSequence) -> b
    int access$getLimit$p(kotlin.text.DelimitedRangesSequence) -> c
    int access$getStartIndex$p(kotlin.text.DelimitedRangesSequence) -> d
kotlin.text.DelimitedRangesSequence$iterator$1 -> o0.c$a:
    kotlin.ranges.IntRange nextItem -> g
    int counter -> h
    int nextSearchIndex -> f
    int nextState -> d
    int currentStartIndex -> e
    kotlin.text.DelimitedRangesSequence this$0 -> i
    void calcNext() -> a
    kotlin.ranges.IntRange next() -> b