build/app/outputs/mapping/release/usage.txt
com.example.expeness_app.BuildConfig
com.example.expeness_app.R$attr
com.example.expeness_app.R$color
com.example.expeness_app.R$dimen
com.example.expeness_app.R$drawable
com.example.expeness_app.R$id
com.example.expeness_app.R$integer
com.example.expeness_app.R$layout
com.example.expeness_app.R$mipmap
com.example.expeness_app.R$string
com.example.expeness_app.R$style
com.example.expeness_app.R$styleable
com.example.expeness_app.R
...
androidx.core.os.LocaleListInterface
androidx.core.os.LocaleListPlatformWrapper
androidx.core.os.MessageCompat
androidx.core.os.OperationCanceledException
androidx.core.os.ParcelCompat
androidx.core.os.ParcelableCompat$ParcelableCompatCreatorHoneycombMR2
androidx.core.os.ParcelableCompat
androidx.core.os.ParcelableCompatCreatorCallbacks
androidx.core.os.ProcessCompat$Api16Impl
androidx.core.os.ProcessCompat$Api17Impl
androidx.core.os.ProcessCompat$Api24Impl
androidx.core.os.ProcessCompat
androidx.core.os.TraceCompat
androidx.core.os.UserHandleCompat$Api24Impl
androidx.core.os.UserHandleCompat
androidx.core.os.UserManagerCompat
androidx.core.provider.CallbackWithHandler$1
androidx.core.provider.CallbackWithHandler$2
androidx.core.provider.CallbackWithHandler
androidx.core.provider.CalleeHandler
androidx.core.provider.FontProvider$1
androidx.core.provider.FontProvider
androidx.core.provider.FontRequest
androidx.core.provider.FontRequestWorker$1
androidx.core.provider.FontRequestWorker$2
androidx.core.provider.FontRequestWorker$3
androidx.core.provider.FontRequestWorker$4
androidx.core.provider.FontRequestWorker$TypefaceResult
androidx.core.provider.FontRequestWorker
androidx.core.provider.FontsContractCompat$Columns
androidx.core.provider.FontsContractCompat$FontFamilyResult
androidx.core.provider.FontsContractCompat$FontInfo
androidx.core.provider.FontsContractCompat$FontRequestCallback$FontRequestFailReason
androidx.core.provider.FontsContractCompat$FontRequestCallback
androidx.core.provider.FontsContractCompat
androidx.core.provider.RequestExecutor$DefaultThreadFactory$ProcessPriorityThread
androidx.core.provider.RequestExecutor$DefaultThreadFactory
androidx.core.provider.RequestExecutor$HandlerExecutor
androidx.core.provider.RequestExecutor$ReplyRunnable$1
androidx.core.provider.RequestExecutor$ReplyRunnable
androidx.core.provider.RequestExecutor
androidx.core.provider.SelfDestructiveThread$1
androidx.core.provider.SelfDestructiveThread$2$1
androidx.core.provider.SelfDestructiveThread$2
androidx.core.provider.SelfDestructiveThread$3
androidx.core.provider.SelfDestructiveThread$ReplyCallback
androidx.core.provider.SelfDestructiveThread
androidx.core.telephony.SubscriptionManagerCompat$Api29Impl
androidx.core.telephony.SubscriptionManagerCompat
androidx.core.telephony.TelephonyManagerCompat$Api23Impl
androidx.core.telephony.TelephonyManagerCompat$Api26Impl
androidx.core.telephony.TelephonyManagerCompat$Api30Impl
androidx.core.telephony.TelephonyManagerCompat
androidx.core.telephony.mbms.MbmsHelper
androidx.core.text.BidiFormatter$Builder
androidx.core.text.BidiFormatter$DirectionalityEstimator
androidx.core.text.BidiFormatter
androidx.core.text.HtmlCompat
androidx.core.text.ICUCompat
androidx.core.text.PrecomputedTextCompat$Params$Builder
androidx.core.text.PrecomputedTextCompat$Params
androidx.core.text.PrecomputedTextCompat$PrecomputedTextFutureTask$PrecomputedTextCallback
androidx.core.text.PrecomputedTextCompat$PrecomputedTextFutureTask
androidx.core.text.PrecomputedTextCompat
androidx.core.text.TextDirectionHeuristicCompat
androidx.core.text.TextDirectionHeuristicsCompat$AnyStrong
androidx.core.text.TextDirectionHeuristicsCompat$FirstStrong
androidx.core.text.TextDirectionHeuristicsCompat$TextDirectionAlgorithm
androidx.core.text.TextDirectionHeuristicsCompat$TextDirectionHeuristicImpl
androidx.core.text.TextDirectionHeuristicsCompat$TextDirectionHeuristicInternal
androidx.core.text.TextDirectionHeuristicsCompat$TextDirectionHeuristicLocale
androidx.core.text.TextDirectionHeuristicsCompat
androidx.core.text.TextUtilsCompat
androidx.core.text.util.FindAddress$ZipRange
androidx.core.text.util.FindAddress
androidx.core.text.util.LinkifyCompat$1
androidx.core.text.util.LinkifyCompat$LinkSpec
androidx.core.text.util.LinkifyCompat$LinkifyMask
androidx.core.text.util.LinkifyCompat
androidx.core.util.AtomicFile
androidx.core.util.DebugUtils
androidx.core.util.LogWriter
androidx.core.util.ObjectsCompat
androidx.core.util.Pair